{"level":"ERROR","location":"[get_call:169] fyersModel","message":{"API":"/history","Error":{"code":-16,"message":"Could not authenticate the user","s":"error"}},"timestamp":"2026-06-15 17:24:29,439+0530","service":"FyersAPI"}
{"level":"ERROR","location":"[get_call:169] fyersModel","message":{"API":"/history","Error":{"code":-16,"message":"Could not authenticate the user","s":"error"}},"timestamp":"2026-06-15 17:24:29,479+0530","service":"FyersAPI"}
{"level":"ERROR","location":"[get_call:169] fyersModel","message":{"API":"/history","Error":{"code":-16,"message":"Could not authenticate the user","s":"error"}},"timestamp":"2026-06-15 17:24:29,518+0530","service":"FyersAPI"}
{"level":"ERROR","location":"[get_call:169] fyersModel","message":{"API":"/history","Error":{"code":-16,"message":"Could not authenticate the user","s":"error"}},"timestamp":"2026-06-15 17:24:29,572+0530","service":"FyersAPI"}
{"level":"ERROR","location":"[get_call:169] fyersModel","message":{"API":"/history","Error":{"code":-16,"message":"Could not authenticate the user","s":"error"}},"timestamp":"2026-06-15 17:24:29,621+0530","service":"FyersAPI"}
{"level":"ERROR","location":"[get_call:169] fyersModel","message":{"API":"/history","Error":{"code":-16,"message":"Could not authenticate the user","s":"error"}},"timestamp":"2026-06-15 17:24:29,660+0530","service":"FyersAPI"}
{"level":"ERROR","location":"[get_call:169] fyersModel","message":{"API":"/history","Error":{"code":-16,"message":"Could not authenticate the user","s":"error"}},"timestamp":"2026-06-15 18:08:41,562+0530","service":"FyersAPI"}
{"level":"ERROR","location":"[get_call:169] fyersModel","message":{"API":"/history","Error":{"code":-16,"message":"Could not authenticate the user","s":"error"}},"timestamp":"2026-06-15 18:08:41,688+0530","service":"FyersAPI"}
{"level":"ERROR","location":"[get_call:169] fyersModel","message":{"API":"/history","Error":{"code":-16,"message":"Could not authenticate the user","s":"error"}},"timestamp":"2026-06-15 18:08:41,744+0530","service":"FyersAPI"}
{"level":"ERROR","location":"[get_call:169] fyersModel","message":{"API":"/history","Error":{"code":-16,"message":"Could not authenticate the user","s":"error"}},"timestamp":"2026-06-15 18:08:41,792+0530","service":"FyersAPI"}
{"level":"ERROR","location":"[get_call:169] fyersModel","message":{"API":"/history","Error":{"code":-16,"message":"Could not authenticate the user","s":"error"}},"timestamp":"2026-06-15 18:08:41,836+0530","service":"FyersAPI"}
{"level":"ERROR","location":"[get_call:169] fyersModel","message":{"API":"/history","Error":{"code":-16,"message":"Could not authenticate the user","s":"error"}},"timestamp":"2026-06-15 18:08:41,885+0530","service":"FyersAPI"}
{"level":"ERROR","location":"[get_call:169] fyersModel","message":{"API":"/history","Error":{"code":-16,"message":"Could not authenticate the user","s":"error"}},"timestamp":"2026-06-15 18:27:08,802+0530","service":"FyersAPI"}
{"level":"ERROR","location":"[get_call:169] fyersModel","message":{"API":"/history","Error":{"code":-16,"message":"Could not authenticate the user","s":"error"}},"timestamp":"2026-06-15 18:27:08,850+0530","service":"FyersAPI"}
{"level":"ERROR","location":"[get_call:169] fyersModel","message":{"API":"/history","Error":{"code":-16,"message":"Could not authenticate the user","s":"error"}},"timestamp":"2026-06-15 18:27:08,907+0530","service":"FyersAPI"}
{"level":"ERROR","location":"[get_call:169] fyersModel","message":{"API":"/history","Error":{"code":-16,"message":"Could not authenticate the user","s":"error"}},"timestamp":"2026-06-15 18:27:08,967+0530","service":"FyersAPI"}
{"level":"ERROR","location":"[get_call:169] fyersModel","message":{"API":"/history","Error":{"code":-16,"message":"Could not authenticate the user","s":"error"}},"timestamp":"2026-06-15 18:27:09,018+0530","service":"FyersAPI"}
{"level":"ERROR","location":"[get_call:169] fyersModel","message":{"API":"/history","Error":{"code":-16,"message":"Could not authenticate the user","s":"error"}},"timestamp":"2026-06-15 18:27:09,064+0530","service":"FyersAPI"}
{"level":"ERROR","location":"[get_call:169] fyersModel","message":{"API":"/history","Error":{"code":-50,"data":{"date_format":"date timestamps (YYYY-MM-DD) needed for range_from and range_to since date_format is 1","range_from":"must be provided","range_to":"must be provided"},"message":"Invalid input","s":"error"}},"timestamp":"2026-06-15 20:31:12,245+0530","service":"FyersAPI"}
{"level":"ERROR","location":"[get_call:169] fyersModel","message":{"API":"/history","Error":{"code":-50,"data":{"date_format":"date timestamps (YYYY-MM-DD) needed for range_from and range_to since date_format is 1","range_from":"must be provided","range_to":"must be provided"},"message":"Invalid input","s":"error"}},"timestamp":"2026-06-15 20:31:12,651+0530","service":"FyersAPI"}
{"level":"ERROR","location":"[get_call:169] fyersModel","message":{"API":"/history","Error":{"code":-50,"data":{"date_format":"date timestamps (YYYY-MM-DD) needed for range_from and range_to since date_format is 1","range_from":"must be provided","range_to":"must be provided"},"message":"Invalid input","s":"error"}},"timestamp":"2026-06-15 20:31:12,860+0530","service":"FyersAPI"}
{"level":"ERROR","location":"[get_call:169] fyersModel","message":{"API":"/history","Error":{"code":-50,"data":{"date_format":"date timestamps (YYYY-MM-DD) needed for range_from and range_to since date_format is 1","range_from":"must be provided","range_to":"must be provided"},"message":"Invalid input","s":"error"}},"timestamp":"2026-06-15 20:31:13,156+0530","service":"FyersAPI"}
{"level":"ERROR","location":"[get_call:169] fyersModel","message":{"API":"/history","Error":{"code":-50,"data":{"date_format":"date timestamps (YYYY-MM-DD) needed for range_from and range_to since date_format is 1","range_from":"must be provided","range_to":"must be provided"},"message":"Invalid input","s":"error"}},"timestamp":"2026-06-15 20:31:13,805+0530","service":"FyersAPI"}
{"level":"ERROR","location":"[get_call:169] fyersModel","message":{"API":"/history","Error":{"code":-50,"data":{"date_format":"date timestamps (YYYY-MM-DD) needed for range_from and range_to since date_format is 1","range_from":"must be provided","range_to":"must be provided"},"message":"Invalid input","s":"error"}},"timestamp":"2026-06-15 20:31:14,672+0530","service":"FyersAPI"}
{"level":"ERROR","location":"[get_call:169] fyersModel","message":{"API":"/history","Error":{"code":-300,"message":"Invalid symbol provided","s":"error"}},"timestamp":"2026-06-15 20:34:19,788+0530","service":"FyersAPI"}
{"level":"ERROR","location":"[get_call:169] fyersModel","message":{"API":"/history","Error":{"code":-300,"message":"Invalid symbol provided","s":"error"}},"timestamp":"2026-06-15 20:34:19,881+0530","service":"FyersAPI"}
{"level":"ERROR","location":"[get_call:169] fyersModel","message":{"API":"/history","Error":{"code":-300,"message":"Invalid symbol provided","s":"error"}},"timestamp":"2026-06-15 20:34:20,025+0530","service":"FyersAPI"}
{"level":"ERROR","location":"[get_call:169] fyersModel","message":{"API":"/history","Error":{"code":-300,"message":"Invalid symbol provided","s":"error"}},"timestamp":"2026-06-15 20:34:20,116+0530","service":"FyersAPI"}
{"level":"ERROR","location":"[get_call:169] fyersModel","message":{"API":"/history","Error":{"code":-300,"message":"Invalid symbol provided","s":"error"}},"timestamp":"2026-06-15 20:34:20,239+0530","service":"FyersAPI"}
{"level":"ERROR","location":"[get_call:169] fyersModel","message":{"API":"/history","Error":{"code":-300,"message":"Invalid symbol provided","s":"error"}},"timestamp":"2026-06-15 20:34:20,364+0530","service":"FyersAPI"}
{"level":"ERROR","location":"[get_call:169] fyersModel","message":{"API":"/history","Error":{"code":-16,"message":"Could not authenticate the user","s":"error"}},"timestamp":"2026-06-16 08:38:49,878+0530","service":"FyersAPI"}
{"level":"ERROR","location":"[get_call:169] fyersModel","message":{"API":"/history","Error":{"code":-16,"message":"Could not authenticate the user","s":"error"}},"timestamp":"2026-06-16 08:38:49,929+0530","service":"FyersAPI"}
{"level":"ERROR","location":"[get_call:169] fyersModel","message":{"API":"/history","Error":{"code":-16,"message":"Could not authenticate the user","s":"error"}},"timestamp":"2026-06-16 08:38:49,963+0530","service":"FyersAPI"}
{"level":"ERROR","location":"[get_call:169] fyersModel","message":{"API":"/history","Error":{"code":-16,"message":"Could not authenticate the user","s":"error"}},"timestamp":"2026-06-16 08:38:49,997+0530","service":"FyersAPI"}
{"level":"ERROR","location":"[get_call:169] fyersModel","message":{"API":"/history","Error":{"code":-16,"message":"Could not authenticate the user","s":"error"}},"timestamp":"2026-06-16 08:38:50,042+0530","service":"FyersAPI"}
{"level":"ERROR","location":"[get_call:169] fyersModel","message":{"API":"/history","Error":{"code":-16,"message":"Could not authenticate the user","s":"error"}},"timestamp":"2026-06-16 08:38:50,083+0530","service":"FyersAPI"}
{"level":"ERROR","location":"[get_call:169] fyersModel","message":{"API":"/profile","Error":{"s":"error","code":-8,"message":"Your token has expired. Please generate a token"}},"timestamp":"2026-06-16 10:28:56,840+0530","service":"FyersAPI"}
{"level":"ERROR","location":"[get_call:169] fyersModel","message":{"API":"/quotes","Error":{"message":"Please provide valid token","code":-15,"s":"error"}},"timestamp":"2026-06-16 10:28:56,873+0530","service":"FyersAPI"}
{"level":"ERROR","location":"[get_call:169] fyersModel","message":{"API":"/orders","Error":{"code":-16,"message":"Could not authenticate the user","s":"error"}},"timestamp":"2026-06-16 10:28:56,916+0530","service":"FyersAPI"}
